TN:
SF:src\errors\AppError.ts
FN:5,AppError
FNF:1
FNH:1
FNDA:2,AppError
DA:1,1
DA:2,1
DA:3,1
DA:4,1
DA:5,1
DA:6,2
DA:7,2
DA:8,2
DA:9,1
DA:10,1
LF:10
LH:10
BRDA:5,0,0,2
BRF:1
BRH:1
end_of_record
TN:
SF:src\modules\cars\entities\Category.ts
FN:18,Category
FNF:1
FNH:1
FNDA:6,Category
DA:1,1
DA:2,1
DA:3,1
DA:4,1
DA:5,1
DA:6,1
DA:7,1
DA:8,1
DA:9,1
DA:10,1
DA:11,1
DA:12,1
DA:13,1
DA:14,1
DA:15,1
DA:16,1
DA:17,1
DA:18,1
DA:19,6
DA:20,6
DA:21,6
DA:22,6
DA:23,1
DA:24,1
DA:25,1
LF:25
LH:25
BRDA:18,0,0,6
BRF:1
BRH:1
end_of_record
TN:
SF:src\modules\cars\entities\Specification.ts
FN:18,Specification
FNF:1
FNH:1
FNDA:4,Specification
DA:1,1
DA:2,1
DA:3,1
DA:4,1
DA:5,1
DA:6,1
DA:7,1
DA:8,1
DA:9,1
DA:10,1
DA:11,1
DA:12,1
DA:13,1
DA:14,1
DA:15,1
DA:16,1
DA:17,1
DA:18,1
DA:19,4
DA:20,4
DA:21,4
DA:22,4
DA:23,1
DA:24,1
DA:25,1
LF:25
LH:25
BRDA:18,0,0,4
BRF:1
BRH:1
end_of_record
TN:
SF:src\modules\cars\repository\in-memory\CategoriesRepositoryInMemory.ts
FN:4,CategoriesRepositoryInMemory
FN:9,findByName
FN:13,list
FN:18,create
FNF:4
FNH:3
FNDA:5,CategoriesRepositoryInMemory
FNDA:10,findByName
FNDA:0,list
FNDA:6,create
DA:1,1
DA:2,1
DA:3,1
DA:4,5
DA:5,5
DA:6,5
DA:7,5
DA:8,5
DA:9,5
DA:10,10
DA:11,10
DA:12,10
DA:13,5
DA:14,0
DA:15,0
DA:16,0
DA:17,5
DA:18,5
DA:19,6
DA:20,6
DA:21,6
DA:22,6
DA:23,6
DA:24,6
DA:25,6
DA:26,6
DA:27,6
DA:28,5
DA:29,1
LF:29
LH:26
BRDA:4,0,0,5
BRDA:9,1,0,10
BRDA:10,2,0,6
BRDA:18,3,0,6
BRF:4
BRH:4
end_of_record
TN:
SF:src\modules\cars\repository\in-memory\SpecificationRepositoryInMemory.ts
FN:7,SpecificationRepositoryInMemory
FN:11,findByName
FN:15,list
FN:20,create
FNF:4
FNH:3
FNDA:3,SpecificationRepositoryInMemory
FNDA:8,findByName
FNDA:0,list
FNDA:4,create
DA:1,1
DA:2,1
DA:3,1
DA:4,1
DA:5,1
DA:6,1
DA:7,3
DA:8,3
DA:9,3
DA:10,3
DA:11,3
DA:12,8
DA:13,8
DA:14,8
DA:15,3
DA:16,0
DA:17,0
DA:18,0
DA:19,0
DA:20,3
DA:21,4
DA:22,4
DA:23,4
DA:24,4
DA:25,4
DA:26,4
DA:27,4
DA:28,4
DA:29,3
DA:30,1
DA:31,1
LF:31
LH:27
BRDA:7,0,0,3
BRDA:11,1,0,8
BRDA:12,2,0,6
BRDA:20,3,0,4
BRF:4
BRH:4
end_of_record
TN:
SF:src\modules\cars\useCases\CreateCategory\CreateCategoryUseCase.ts
FN:13,CreateCategoryUseCase
FN:18,execute
FNF:2
FNH:2
FNDA:5,CreateCategoryUseCase
FNDA:7,execute
DA:1,1
DA:2,1
DA:3,1
DA:4,1
DA:5,1
DA:6,1
DA:7,1
DA:8,1
DA:9,1
DA:10,1
DA:11,1
DA:12,1
DA:13,1
DA:14,5
DA:15,5
DA:16,5
DA:17,1
DA:18,1
DA:19,7
DA:20,7
DA:21,7
DA:22,7
DA:23,7
DA:24,1
DA:25,1
DA:26,6
DA:27,6
DA:28,6
DA:29,1
DA:30,1
LF:30
LH:30
BRDA:13,0,0,5
BRDA:18,1,0,7
BRDA:23,2,0,1
BRDA:26,3,0,6
BRF:4
BRH:4
end_of_record
TN:
SF:src\modules\cars\useCases\CreateSpecification\CreateSpecifiationUseCase.ts
FN:12,CreateSpecificationUseCase
FN:16,execute
FNF:2
FNH:2
FNDA:3,CreateSpecificationUseCase
FNDA:5,execute
DA:1,1
DA:2,1
DA:3,1
DA:4,1
DA:5,1
DA:6,1
DA:7,1
DA:8,1
DA:9,1
DA:10,1
DA:11,1
DA:12,1
DA:13,3
DA:14,3
DA:15,3
DA:16,1
DA:17,5
DA:18,5
DA:19,5
DA:20,5
DA:21,1
DA:22,1
DA:23,4
DA:24,4
DA:25,1
DA:26,1
DA:27,1
LF:27
LH:27
BRDA:12,0,0,3
BRDA:16,1,0,5
BRDA:20,2,0,1
BRDA:23,3,0,4
BRF:4
BRH:4
end_of_record
